<?xml version="1.0" encoding="UTF-8" ?>
<testsuite tests="14" failures="0" name="kata.OrderCommandTest" time="0.078" errors="0" skipped="0">
  <properties>
[...]
</properties>
  <testcase classname="kata.OrderCommandTest" name="shouldReturnMessageErrorIfAmountIsInferior" time="0.063"/>
  <testcase classname="kata.OrderCommandTest" name="shouldReturnCoffeWithTwoSugarAndOneStick" time="0"/>
  <testcase classname="kata.OrderCommandTest" name="shouldReturnOrangeJuice" time="0"/>
  <testcase classname="kata.OrderCommandTest" name="shouldReturnCoffeExtraHotWithNoSugarAndStick" time="0.015"/>
  <testcase classname="kata.OrderCommandTest" name="shouldReturnMessageIfAmountIsInferior" time="0"/>
  <testcase classname="kata.OrderCommandTest" name="shouldReturnChocolateWithOutSugarAndStick" time="0"/>
  <testcase classname="kata.OrderCommandTest" name="shouldReturnTeaWithMessageWithOutSugarAndStick" time="0"/>
  <testcase classname="kata.OrderCommandTest" name="shouldReturnDrinkInstructionIfAmountIsSuperior" time="0"/>
  <testcase classname="kata.OrderCommandTest" name="shouldReturnCoffeWithOutSugarAndStick" time="0"/>
  <testcase classname="kata.OrderCommandTest" name="shouldReturnCodeAndMessageIfHasMessageInOrder" time="0"/>
  <testcase classname="kata.OrderCommandTest" name="shouldReturnCoffeExtraHotWithSugarAndStick" time="0"/>
  <testcase classname="kata.OrderCommandTest" name="shouldReturnMessageIfAmountIsEqualsZero" time="0"/>
  <testcase classname="kata.OrderCommandTest" name="shouldReturnCodeAndMessageIfHasMessageInOrderOrange" time="0"/>
  <testcase classname="kata.OrderCommandTest" name="shouldReturnCoffeWithOneSugarAndOneStick" time="0"/>
</testsuite>